<?xml version="1.0" encoding="UTF-8"?>
<testng-results ignored="0" total="1" passed="1" failed="0" skipped="0">
  <reporter-output>
  </reporter-output>
  <suite started-at="2023-08-31T11:49:26 BST" name="Default suite" finished-at="2023-08-31T11:49:33 BST" duration-ms="7177">
    <groups>
    </groups>
    <test started-at="2023-08-31T11:49:26 BST" name="Default test" finished-at="2023-08-31T11:49:33 BST" duration-ms="7177">
      <class name="frontautomation.testprogram">
        <test-method is-config="true" signature="setup()[pri:0, instance:frontautomation.testprogram@3527942a]" started-at="2023-08-31T11:49:26 BST" name="setup" finished-at="2023-08-31T11:49:32 BST" duration-ms="6782" status="PASS">
          <reporter-output>
          </reporter-output>
        </test-method> <!-- setup -->
        <test-method signature="openwindow()[pri:0, instance:frontautomation.testprogram@3527942a]" started-at="2023-08-31T11:49:32 BST" name="openwindow" finished-at="2023-08-31T11:49:32 BST" duration-ms="10" status="PASS">
          <reporter-output>
          </reporter-output>
        </test-method> <!-- openwindow -->
        <test-method is-config="true" signature="tearDown()[pri:0, instance:frontautomation.testprogram@3527942a]" started-at="2023-08-31T11:49:32 BST" name="tearDown" finished-at="2023-08-31T11:49:33 BST" duration-ms="322" status="PASS">
          <reporter-output>
          </reporter-output>
        </test-method> <!-- tearDown -->
      </class> <!-- frontautomation.testprogram -->
    </test> <!-- Default test -->
  </suite> <!-- Default suite -->
</testng-results>
